
The following is logged from get_action_title()
in C:\laragon\www\frameworks-e-interoperabilidad\wordpress\wp-content\plugins\simply-schedule-appointments\includes\class-revision-model.php line 732:

... insert_revision_appointment_type()
in C:\laragon\www\frameworks-e-interoperabilidad\wordpress\wp-content\plugins\simply-schedule-appointments\includes\class-revision-model.php line 1009:

...... insert_revision_updated_appointment_type()
in C:\laragon\www\frameworks-e-interoperabilidad\wordpress\wp-content\plugins\simply-schedule-appointments\includes\class-revision-model.php line 1101:
[2023-10-06 21:02:43] Action does not exist in get_action_title


The following is logged from get_action_title()
in C:\laragon\www\frameworks-e-interoperabilidad\wordpress\wp-content\plugins\simply-schedule-appointments\includes\class-revision-model.php line 732:

... insert_revision_appointment_type()
in C:\laragon\www\frameworks-e-interoperabilidad\wordpress\wp-content\plugins\simply-schedule-appointments\includes\class-revision-model.php line 1009:

...... insert_revision_updated_appointment_type()
in C:\laragon\www\frameworks-e-interoperabilidad\wordpress\wp-content\plugins\simply-schedule-appointments\includes\class-revision-model.php line 1101:
[2023-10-06 21:02:43] Action does not exist in get_action_title


The following is logged from get_action_title()
in C:\laragon\www\frameworks-e-interoperabilidad\wordpress\wp-content\plugins\simply-schedule-appointments\includes\class-revision-model.php line 732:

... insert_revision_appointment_type()
in C:\laragon\www\frameworks-e-interoperabilidad\wordpress\wp-content\plugins\simply-schedule-appointments\includes\class-revision-model.php line 1009:

...... insert_revision_updated_appointment_type()
in C:\laragon\www\frameworks-e-interoperabilidad\wordpress\wp-content\plugins\simply-schedule-appointments\includes\class-revision-model.php line 1101:
[2023-10-06 21:03:14] Action does not exist in get_action_title


The following is logged from get_action_title()
in C:\laragon\www\frameworks-e-interoperabilidad\wordpress\wp-content\plugins\simply-schedule-appointments\includes\class-revision-model.php line 732:

... insert_revision_appointment_type()
in C:\laragon\www\frameworks-e-interoperabilidad\wordpress\wp-content\plugins\simply-schedule-appointments\includes\class-revision-model.php line 1009:

...... insert_revision_updated_appointment_type()
in C:\laragon\www\frameworks-e-interoperabilidad\wordpress\wp-content\plugins\simply-schedule-appointments\includes\class-revision-model.php line 1101:
[2023-10-06 21:03:14] Action does not exist in get_action_title


The following is logged from get_action_title()
in C:\laragon\www\frameworks-e-interoperabilidad\wordpress\wp-content\plugins\simply-schedule-appointments\includes\class-revision-model.php line 732:

... insert_revision_appointment_type()
in C:\laragon\www\frameworks-e-interoperabilidad\wordpress\wp-content\plugins\simply-schedule-appointments\includes\class-revision-model.php line 1009:

...... insert_revision_updated_appointment_type()
in C:\laragon\www\frameworks-e-interoperabilidad\wordpress\wp-content\plugins\simply-schedule-appointments\includes\class-revision-model.php line 1101:
[2023-10-06 21:03:21] Action does not exist in get_action_title


The following is logged from get_action_title()
in C:\laragon\www\frameworks-e-interoperabilidad\wordpress\wp-content\plugins\simply-schedule-appointments\includes\class-revision-model.php line 732:

... insert_revision_appointment_type()
in C:\laragon\www\frameworks-e-interoperabilidad\wordpress\wp-content\plugins\simply-schedule-appointments\includes\class-revision-model.php line 1009:

...... insert_revision_updated_appointment_type()
in C:\laragon\www\frameworks-e-interoperabilidad\wordpress\wp-content\plugins\simply-schedule-appointments\includes\class-revision-model.php line 1101:
[2023-10-06 21:03:21] Action does not exist in get_action_title

